<?xml version="1.0" encoding="UTF-8"?>
<testsuite xmlns:xsi="http://www.w3.org/2001/XMLSchema-instance" xsi:noNamespaceSchemaLocation="https://maven.apache.org/surefire/maven-surefire-plugin/xsd/surefire-test-report.xsd" version="3.0.2" name="edu.brooklyn.cisc3130.taskboard.CampusTaskboardApplicationTests" time="2.179" tests="1" errors="0" skipped="0" failures="0" flakes="0">
  <properties>
[...]
</properties>
  <testcase name="contextLoads" classname="edu.brooklyn.cisc3130.taskboard.CampusTaskboardApplicationTests" time="0.238">
    <system-out><![CDATA[21:19:39.659 [main] INFO org.springframework.test.context.support.AnnotationConfigContextLoaderUtils -- Could not detect default configuration classes for test class [edu.brooklyn.cisc3130.taskboard.CampusTaskboardApplicationTests]: CampusTaskboardApplicationTests does not declare any static, non-private, non-final, nested classes annotated with @Configuration.
21:19:39.696 [main] INFO org.springframework.boot.test.context.SpringBootTestContextBootstrapper -- Found @SpringBootConfiguration edu.brooklyn.cisc3130.taskboard.CampusTaskboardApplication for test class edu.brooklyn.cisc3130.taskboard.CampusTaskboardApplicationTests
21:19:39.741 [main] INFO org.springframework.boot.devtools.restart.RestartApplicationListener -- Restart disabled due to context in which it is running

  .   ____          _            __ _ _
 /\\ / ___'_ __ _ _(_)_ __  __ _ \ \ \ \
( ( )\___ | '_ | '_| | '_ \/ _` | \ \ \ \
 \\/  ___)| |_)| | | | | || (_| |  ) ) ) )
  '  |____| .__|_| |_|_| |_\__, | / / / /
 =========|_|==============|___/=/_/_/_/

 :: Spring Boot ::               (v3.5.13)

2026-05-06T21:19:39.817-04:00  INFO 1992 --- [           main] e.b.c.t.CampusTaskboardApplicationTests  : Starting CampusTaskboardApplicationTests using Java 25.0.2 with PID 1992 (started by andied in /Users/andied/dsa-homework/week7/HW8/campus-taskboard)
2026-05-06T21:19:39.817-04:00  INFO 1992 --- [           main] e.b.c.t.CampusTaskboardApplicationTests  : No active profile set, falling back to 1 default profile: "default"
2026-05-06T21:19:40.152-04:00  INFO 1992 --- [           main] .s.d.r.c.RepositoryConfigurationDelegate : Bootstrapping Spring Data JPA repositories in DEFAULT mode.
2026-05-06T21:19:40.176-04:00  INFO 1992 --- [           main] .s.d.r.c.RepositoryConfigurationDelegate : Finished Spring Data repository scanning in 19 ms. Found 1 JPA repository interface.
2026-05-06T21:19:40.336-04:00  INFO 1992 --- [           main] o.hibernate.jpa.internal.util.LogHelper  : HHH000204: Processing PersistenceUnitInfo [name: default]
2026-05-06T21:19:40.365-04:00  INFO 1992 --- [           main] org.hibernate.Version                    : HHH000412: Hibernate ORM core version 6.6.45.Final
2026-05-06T21:19:40.376-04:00  INFO 1992 --- [           main] o.h.c.internal.RegionFactoryInitiator    : HHH000026: Second-level cache disabled
2026-05-06T21:19:40.460-04:00  INFO 1992 --- [           main] o.s.o.j.p.SpringPersistenceUnitInfo      : No LoadTimeWeaver setup: ignoring JPA class transformer
2026-05-06T21:19:40.469-04:00  INFO 1992 --- [           main] com.zaxxer.hikari.HikariDataSource       : HikariPool-1 - Starting...
2026-05-06T21:19:40.522-04:00  INFO 1992 --- [           main] com.zaxxer.hikari.pool.HikariPool        : HikariPool-1 - Added connection conn0: url=jdbc:h2:mem:taskboarddb user=SA
2026-05-06T21:19:40.522-04:00  INFO 1992 --- [           main] com.zaxxer.hikari.HikariDataSource       : HikariPool-1 - Start completed.
2026-05-06T21:19:40.534-04:00  WARN 1992 --- [           main] org.hibernate.orm.deprecation            : HHH90000025: H2Dialect does not need to be specified explicitly using 'hibernate.dialect' (remove the property setting and it will be selected by default)
2026-05-06T21:19:40.541-04:00  INFO 1992 --- [           main] org.hibernate.orm.connections.pooling    : HHH10001005: Database info:
	Database JDBC URL [Connecting through datasource 'HikariDataSource (HikariPool-1)']
	Database driver: undefined/unknown
	Database version: 2.3.232
	Autocommit mode: undefined/unknown
	Isolation level: undefined/unknown
	Minimum pool size: undefined/unknown
	Maximum pool size: undefined/unknown
2026-05-06T21:19:40.787-04:00  INFO 1992 --- [           main] o.h.e.t.j.p.i.JtaPlatformInitiator       : HHH000489: No JTA platform available (set 'hibernate.transaction.jta.platform' to enable JTA platform integration)
Hibernate: 
    create table tasks (
        id integer generated by default as identity,
        completed boolean not null,
        created_at timestamp(6) not null,
        deleted boolean not null,
        description varchar(500),
        priority enum ('HIGH','LOW','MEDIUM') not null,
        title varchar(100) not null,
        updated_at timestamp(6),
        primary key (id)
    )
2026-05-06T21:19:40.810-04:00  INFO 1992 --- [           main] j.LocalContainerEntityManagerFactoryBean : Initialized JPA EntityManagerFactory for persistence unit 'default'
2026-05-06T21:19:40.904-04:00  INFO 1992 --- [           main] o.s.d.j.r.query.QueryEnhancerFactory     : Hibernate is in classpath; If applicable, HQL parser will be used.
2026-05-06T21:19:41.188-04:00  WARN 1992 --- [           main] JpaBaseConfiguration$JpaWebConfiguration : spring.jpa.open-in-view is enabled by default. Therefore, database queries may be performed during view rendering. Explicitly configure spring.jpa.open-in-view to disable this warning
2026-05-06T21:19:41.299-04:00  INFO 1992 --- [           main] o.s.b.a.e.web.EndpointLinksResolver      : Exposing 3 endpoints beneath base path '/actuator'
2026-05-06T21:19:41.309-04:00  WARN 1992 --- [           main] .s.s.UserDetailsServiceAutoConfiguration : 

Using generated security password: edefb2b3-2e62-4156-8019-1813cb2918e3

This generated password is for development use only. Your security configuration must be updated before running your application in production.

2026-05-06T21:19:41.312-04:00  INFO 1992 --- [           main] r$InitializeUserDetailsManagerConfigurer : Global AuthenticationManager configured with UserDetailsService bean with name inMemoryUserDetailsManager
2026-05-06T21:19:41.445-04:00  INFO 1992 --- [           main] o.s.b.a.h2.H2ConsoleAutoConfiguration    : H2 console available at '/h2-console'. Database available at 'jdbc:h2:mem:taskboarddb'
2026-05-06T21:19:41.478-04:00  INFO 1992 --- [           main] e.b.c.t.CampusTaskboardApplicationTests  : Started CampusTaskboardApplicationTests in 1.741 seconds (process running for 2.061)
Hibernate: 
    select
        count(*) 
    from
        tasks t1_0
Hibernate: 
    insert 
    into
        tasks
        (completed, created_at, deleted, description, priority, title, updated_at, id) 
    values
        (?, ?, ?, ?, ?, ?, ?, default)
Hibernate: 
    insert 
    into
        tasks
        (completed, created_at, deleted, description, priority, title, updated_at, id) 
    values
        (?, ?, ?, ?, ?, ?, ?, default)
Hibernate: 
    insert 
    into
        tasks
        (completed, created_at, deleted, description, priority, title, updated_at, id) 
    values
        (?, ?, ?, ?, ?, ?, ?, default)
Hibernate: 
    insert 
    into
        tasks
        (completed, created_at, deleted, description, priority, title, updated_at, id) 
    values
        (?, ?, ?, ?, ?, ?, ?, default)
Hibernate: 
    insert 
    into
        tasks
        (completed, created_at, deleted, description, priority, title, updated_at, id) 
    values
        (?, ?, ?, ?, ?, ?, ?, default)
Hibernate: 
    insert 
    into
        tasks
        (completed, created_at, deleted, description, priority, title, updated_at, id) 
    values
        (?, ?, ?, ?, ?, ?, ?, default)
Hibernate: 
    insert 
    into
        tasks
        (completed, created_at, deleted, description, priority, title, updated_at, id) 
    values
        (?, ?, ?, ?, ?, ?, ?, default)
Hibernate: 
    insert 
    into
        tasks
        (completed, created_at, deleted, description, priority, title, updated_at, id) 
    values
        (?, ?, ?, ?, ?, ?, ?, default)
Hibernate: 
    insert 
    into
        tasks
        (completed, created_at, deleted, description, priority, title, updated_at, id) 
    values
        (?, ?, ?, ?, ?, ?, ?, default)
Hibernate: 
    insert 
    into
        tasks
        (completed, created_at, deleted, description, priority, title, updated_at, id) 
    values
        (?, ?, ?, ?, ?, ?, ?, default)
]]></system-out>
    <system-err><![CDATA[Mockito is currently self-attaching to enable the inline-mock-maker. This will no longer work in future releases of the JDK. Please add Mockito as an agent to your build as described in Mockito's documentation: https://javadoc.io/doc/org.mockito/mockito-core/latest/org.mockito/org/mockito/Mockito.html#0.3
WARNING: A Java agent has been loaded dynamically (/Users/andied/.m2/repository/net/bytebuddy/byte-buddy-agent/1.17.8/byte-buddy-agent-1.17.8.jar)
WARNING: If a serviceability tool is in use, please run with -XX:+EnableDynamicAgentLoading to hide this warning
WARNING: If a serviceability tool is not in use, please run with -Djdk.instrument.traceUsage for more information
WARNING: Dynamic loading of agents will be disallowed by default in a future release
]]></system-err>
  </testcase>
</testsuite>